

*******************************************************************************
Fri Jan 13 17:45:21 2023


FIT:    data read from "gamma.txt"
        format = z
        #datapoints = 30
        residuals are weighted equally (unit weight)

function used for fitting: f(x)
	f(x)=exp(-x/a)
BREAK: Need via and either parameter list or file

*******************************************************************************
Fri Jan 13 17:45:33 2023


FIT:    data read from "gamma.txt"
        format = z
        #datapoints = 30
        residuals are weighted equally (unit weight)

function used for fitting: f(x)
	f(x)=exp(-x/a)
fitted parameters initialized with current variable values

iter      chisq       delta/lim  lambda   a            
   0 8.4050303775e-01   0.00e+00  8.90e-02    1.000000e+00
   9 2.9930620665e-01  -5.29e-01  8.90e-11    3.787768e+00

After 9 iterations the fit converged.
final sum of squares of residuals : 0.299306
rel. change during last iteration : -5.29049e-07

degrees of freedom    (FIT_NDF)                        : 29
rms of residuals      (FIT_STDFIT) = sqrt(WSSR/ndf)    : 0.101592
variance of residuals (reduced chisquare) = WSSR/ndf   : 0.0103209

Final set of parameters            Asymptotic Standard Error
=======================            ==========================
a               = 3.78777          +/- 0.3956       (10.44%)


*******************************************************************************
Fri Jan 13 18:12:02 2023


FIT:    data read from "gamma.txt"
        format = z
        #datapoints = 30
        residuals are weighted equally (unit weight)

function used for fitting: f(x)
	f(x)=exp(-x/a)
fitted parameters initialized with current variable values

iter      chisq       delta/lim  lambda   a            
   0 4.1708149562e+01   0.00e+00  8.90e-02    1.000000e+00
   8 1.3705359993e+00  -8.68e-01  8.90e-10    3.855381e+06

After 8 iterations the fit converged.
final sum of squares of residuals : 1.37054
rel. change during last iteration : -8.68274e-07

degrees of freedom    (FIT_NDF)                        : 29
rms of residuals      (FIT_STDFIT) = sqrt(WSSR/ndf)    : 0.217393
variance of residuals (reduced chisquare) = WSSR/ndf   : 0.0472599

Final set of parameters            Asymptotic Standard Error
=======================            ==========================
a               = 3.85538e+06      +/- 3.497e+10    (9.071e+05%)


*******************************************************************************
Fri Jan 13 18:17:46 2023


FIT:    data read from "gamma.txt"
        format = z
        #datapoints = 30
        residuals are weighted equally (unit weight)

function used for fitting: f(x)
fitted parameters initialized with current variable values



*******************************************************************************
Fri Jan 13 18:18:02 2023


FIT:    data read from "gamma.txt"
        format = z
        #datapoints = 30
        residuals are weighted equally (unit weight)

function used for fitting: f(x)
	f(x)=exp(-x/a)
fitted parameters initialized with current variable values

iter      chisq       delta/lim  lambda   a            
   0 2.5682986621e-01   0.00e+00  8.90e-02    1.000000e+00
   6 1.5847379042e-02  -6.80e-06  8.90e-01    2.362806e+00

After 6 iterations the fit converged.
final sum of squares of residuals : 0.0158474
rel. change during last iteration : -6.80409e-12

degrees of freedom    (FIT_NDF)                        : 29
rms of residuals      (FIT_STDFIT) = sqrt(WSSR/ndf)    : 0.0233765
variance of residuals (reduced chisquare) = WSSR/ndf   : 0.000546461

Final set of parameters            Asymptotic Standard Error
=======================            ==========================
a               = 2.36281          +/- 0.07196      (3.045%)


*******************************************************************************
Fri Jan 13 18:19:51 2023


FIT:    data read from "gamma.txt"
        format = z
        #datapoints = 30
        residuals are weighted equally (unit weight)

function used for fitting: f(x)
	f(x)=exp(-x/a)
fitted parameters initialized with current variable values

iter      chisq       delta/lim  lambda   a            
   0 2.2245792383e-01   0.00e+00  8.90e-02    1.000000e+00
   6 9.5859808920e-03   0.00e+00  8.90e+02    2.243847e+00

After 6 iterations the fit converged.
final sum of squares of residuals : 0.00958598
rel. change during last iteration : 0

degrees of freedom    (FIT_NDF)                        : 29
rms of residuals      (FIT_STDFIT) = sqrt(WSSR/ndf)    : 0.0181811
variance of residuals (reduced chisquare) = WSSR/ndf   : 0.000330551

Final set of parameters            Asymptotic Standard Error
=======================            ==========================
a               = 2.24385          +/- 0.05455      (2.431%)


*******************************************************************************
Sat Jan 14 11:49:30 2023


FIT:    data read from "gamma.txt"
        format = z
        #datapoints = 30
        residuals are weighted equally (unit weight)

function used for fitting: f(x)
	f(x)=exp(-x/a)
fitted parameters initialized with current variable values

iter      chisq       delta/lim  lambda   a            
   0 2.2245792383e-01   0.00e+00  8.90e-02    1.000000e+00
   6 9.5859808920e-03   0.00e+00  8.90e+02    2.243847e+00

After 6 iterations the fit converged.
final sum of squares of residuals : 0.00958598
rel. change during last iteration : 0

degrees of freedom    (FIT_NDF)                        : 29
rms of residuals      (FIT_STDFIT) = sqrt(WSSR/ndf)    : 0.0181811
variance of residuals (reduced chisquare) = WSSR/ndf   : 0.000330551

Final set of parameters            Asymptotic Standard Error
=======================            ==========================
a               = 2.24385          +/- 0.05455      (2.431%)


*******************************************************************************
Sat Jan 14 11:51:37 2023


FIT:    data read from "gamma.txt"
        format = z
        #datapoints = 30
        residuals are weighted equally (unit weight)

function used for fitting: f(x)
	f(x)=exp(-x/a)
fitted parameters initialized with current variable values

iter      chisq       delta/lim  lambda   a            
   0 3.9782978030e-01   0.00e+00  8.90e-02    1.000000e+00
   5 1.9284549116e-02  -4.99e-03  8.90e-07    2.656048e+00

After 5 iterations the fit converged.
final sum of squares of residuals : 0.0192845
rel. change during last iteration : -4.99118e-09

degrees of freedom    (FIT_NDF)                        : 29
rms of residuals      (FIT_STDFIT) = sqrt(WSSR/ndf)    : 0.0257873
variance of residuals (reduced chisquare) = WSSR/ndf   : 0.000664984

Final set of parameters            Asymptotic Standard Error
=======================            ==========================
a               = 2.65605          +/- 0.08413      (3.167%)
